0 info it worked if it ends with ok
1 verbose cli [ 'node', '/usr/local/bin/npm', 'run-script', 'test' ]
2 info using npm@1.1.71
3 info using node@v0.8.17
4 verbose read json /Users/andyperlitch/node_modules/bormat/package.json
5 warn package.json bormat@0.0.0 No README.md file found!
6 verbose run-script [ 'pretest', 'test', 'posttest' ]
7 info pretest bormat@0.0.0
8 info test bormat@0.0.0
9 verbose unsafe-perm in lifecycle true
10 silly exec sh "-c" "mocha test/*.js"
11 silly sh,-c,mocha test/*.js,/Users/andyperlitch/node_modules/bormat spawning
12 info bormat@0.0.0 Failed to exec test script
13 error bormat@0.0.0 test: `mocha test/*.js`
13 error `sh "-c" "mocha test/*.js"` failed with 2
14 error Failed at the bormat@0.0.0 test script.
14 error This is most likely a problem with the bormat package,
14 error not with npm itself.
14 error Tell the author that this fails on your system:
14 error     mocha test/*.js
14 error You can get their info via:
14 error     npm owner ls bormat
14 error There is likely additional logging output above.
15 error System Darwin 12.2.0
16 error command "node" "/usr/local/bin/npm" "run-script" "test"
17 error cwd /Users/andyperlitch/node_modules/bormat
18 error node -v v0.8.17
19 error npm -v 1.1.71
20 error code ELIFECYCLE
21 verbose exit [ 1, true ]
